------------------Array
(
)
------Array
(
)
------Array
(
)
------Array
(
)
------Array
(
)
------Array
(
)
------------------------------------
------
------
------
------
Array
(
)
Array
(
)
Array
(
    [HTTPS] => on
    [SSL_TLS_SNI] => nicholasavenell.com
    [HTTP_USER_AGENT] => Mozilla/5.0 (Windows NT 10.0; WOW64) AppleWebKit/537.36 (KHTML, like Gecko) Chrome/47.0.2526.106 Safari/537.36
    [HTTP_HOST] => nicholasavenell.com
    [HTTP_ACCEPT] => */*
    [HTTP_ACCEPT_ENCODING] => gzip
    [PATH] => /usr/local/sbin:/usr/local/bin:/usr/sbin:/usr/bin:/sbin:/bin
    [SERVER_SIGNATURE] => <address>Apache/2.4.25 (Debian) Server at nicholasavenell.com Port 443</address>

    [SERVER_SOFTWARE] => Apache/2.4.25 (Debian)
    [SERVER_NAME] => nicholasavenell.com
    [SERVER_ADDR] => 109.74.192.161
    [SERVER_PORT] => 443
    [REMOTE_ADDR] => 82.6.0.229
    [DOCUMENT_ROOT] => /var/www/hosts/nicholasavenell.com/htdocs
    [REQUEST_SCHEME] => https
    [CONTEXT_PREFIX] => 
    [CONTEXT_DOCUMENT_ROOT] => /var/www/hosts/nicholasavenell.com/htdocs
    [SERVER_ADMIN] => [no address given]
    [SCRIPT_FILENAME] => /var/www/hosts/nicholasavenell.com/htdocs/api/plex.php
    [REMOTE_PORT] => 43650
    [GATEWAY_INTERFACE] => CGI/1.1
    [SERVER_PROTOCOL] => HTTP/1.0
    [REQUEST_METHOD] => GET
    [QUERY_STRING] => 
    [REQUEST_URI] => /api/plex.php
    [SCRIPT_NAME] => /api/plex.php
    [PHP_SELF] => /api/plex.php
    [REQUEST_TIME_FLOAT] => 1539259526.774
    [REQUEST_TIME] => 1539259526
)
------
------
Array
(
)
Array
(
)
Array
(
    [HTTPS] => on
    [SSL_TLS_SNI] => nicholasavenell.com
    [HTTP_USER_AGENT] => Mozilla/5.0 (Windows NT 10.0; WOW64) AppleWebKit/537.36 (KHTML, like Gecko) Chrome/47.0.2526.106 Safari/537.36
    [HTTP_HOST] => nicholasavenell.com
    [HTTP_ACCEPT] => */*
    [HTTP_ACCEPT_ENCODING] => gzip
    [PATH] => /usr/local/sbin:/usr/local/bin:/usr/sbin:/usr/bin:/sbin:/bin
    [SERVER_SIGNATURE] => <address>Apache/2.4.25 (Debian) Server at nicholasavenell.com Port 443</address>

    [SERVER_SOFTWARE] => Apache/2.4.25 (Debian)
    [SERVER_NAME] => nicholasavenell.com
    [SERVER_ADDR] => 109.74.192.161
    [SERVER_PORT] => 443
    [REMOTE_ADDR] => 82.6.0.229
    [DOCUMENT_ROOT] => /var/www/hosts/nicholasavenell.com/htdocs
    [REQUEST_SCHEME] => https
    [CONTEXT_PREFIX] => 
    [CONTEXT_DOCUMENT_ROOT] => /var/www/hosts/nicholasavenell.com/htdocs
    [SERVER_ADMIN] => [no address given]
    [SCRIPT_FILENAME] => /var/www/hosts/nicholasavenell.com/htdocs/api/plex.php
    [REMOTE_PORT] => 43654
    [GATEWAY_INTERFACE] => CGI/1.1
    [SERVER_PROTOCOL] => HTTP/1.0
    [REQUEST_METHOD] => GET
    [QUERY_STRING] => 
    [REQUEST_URI] => /api/plex.php
    [SCRIPT_NAME] => /api/plex.php
    [PHP_SELF] => /api/plex.php
    [REQUEST_TIME_FLOAT] => 1539259527.597
    [REQUEST_TIME] => 1539259527
)
------
------
Array
(
)
Array
(
)
Array
(
    [HTTPS] => on
    [SSL_TLS_SNI] => nicholasavenell.com
    [HTTP_USER_AGENT] => Mozilla/5.0 (Windows NT 10.0; WOW64) AppleWebKit/537.36 (KHTML, like Gecko) Chrome/47.0.2526.106 Safari/537.36
    [HTTP_HOST] => nicholasavenell.com
    [HTTP_ACCEPT] => */*
    [HTTP_ACCEPT_ENCODING] => gzip
    [PATH] => /usr/local/sbin:/usr/local/bin:/usr/sbin:/usr/bin:/sbin:/bin
    [SERVER_SIGNATURE] => <address>Apache/2.4.25 (Debian) Server at nicholasavenell.com Port 443</address>

    [SERVER_SOFTWARE] => Apache/2.4.25 (Debian)
    [SERVER_NAME] => nicholasavenell.com
    [SERVER_ADDR] => 109.74.192.161
    [SERVER_PORT] => 443
    [REMOTE_ADDR] => 82.6.0.229
    [DOCUMENT_ROOT] => /var/www/hosts/nicholasavenell.com/htdocs
    [REQUEST_SCHEME] => https
    [CONTEXT_PREFIX] => 
    [CONTEXT_DOCUMENT_ROOT] => /var/www/hosts/nicholasavenell.com/htdocs
    [SERVER_ADMIN] => [no address given]
    [SCRIPT_FILENAME] => /var/www/hosts/nicholasavenell.com/htdocs/api/plex.php
    [REMOTE_PORT] => 43662
    [GATEWAY_INTERFACE] => CGI/1.1
    [SERVER_PROTOCOL] => HTTP/1.0
    [REQUEST_METHOD] => GET
    [QUERY_STRING] => 
    [REQUEST_URI] => /api/plex.php
    [SCRIPT_NAME] => /api/plex.php
    [PHP_SELF] => /api/plex.php
    [REQUEST_TIME_FLOAT] => 1539259604.266
    [REQUEST_TIME] => 1539259604
)
------
------
Array
(
)
Array
(
)
Array
(
    [HTTPS] => on
    [SSL_TLS_SNI] => nicholasavenell.com
    [HTTP_USER_AGENT] => Mozilla/5.0 (Windows NT 10.0; WOW64) AppleWebKit/537.36 (KHTML, like Gecko) Chrome/47.0.2526.106 Safari/537.36
    [HTTP_HOST] => nicholasavenell.com
    [HTTP_ACCEPT] => */*
    [HTTP_ACCEPT_ENCODING] => gzip
    [PATH] => /usr/local/sbin:/usr/local/bin:/usr/sbin:/usr/bin:/sbin:/bin
    [SERVER_SIGNATURE] => <address>Apache/2.4.25 (Debian) Server at nicholasavenell.com Port 443</address>

    [SERVER_SOFTWARE] => Apache/2.4.25 (Debian)
    [SERVER_NAME] => nicholasavenell.com
    [SERVER_ADDR] => 109.74.192.161
    [SERVER_PORT] => 443
    [REMOTE_ADDR] => 82.6.0.229
    [DOCUMENT_ROOT] => /var/www/hosts/nicholasavenell.com/htdocs
    [REQUEST_SCHEME] => https
    [CONTEXT_PREFIX] => 
    [CONTEXT_DOCUMENT_ROOT] => /var/www/hosts/nicholasavenell.com/htdocs
    [SERVER_ADMIN] => [no address given]
    [SCRIPT_FILENAME] => /var/www/hosts/nicholasavenell.com/htdocs/api/plex.php
    [REMOTE_PORT] => 43668
    [GATEWAY_INTERFACE] => CGI/1.1
    [SERVER_PROTOCOL] => HTTP/1.0
    [REQUEST_METHOD] => GET
    [QUERY_STRING] => 
    [REQUEST_URI] => /api/plex.php
    [SCRIPT_NAME] => /api/plex.php
    [PHP_SELF] => /api/plex.php
    [REQUEST_TIME_FLOAT] => 1539259614.343
    [REQUEST_TIME] => 1539259614
)
------
------
Array
(
)
Array
(
)
Array
(
    [HTTPS] => on
    [SSL_TLS_SNI] => nicholasavenell.com
    [HTTP_USER_AGENT] => Mozilla/5.0 (Windows NT 10.0; WOW64) AppleWebKit/537.36 (KHTML, like Gecko) Chrome/47.0.2526.106 Safari/537.36
    [HTTP_HOST] => nicholasavenell.com
    [HTTP_ACCEPT] => */*
    [HTTP_ACCEPT_ENCODING] => gzip
    [PATH] => /usr/local/sbin:/usr/local/bin:/usr/sbin:/usr/bin:/sbin:/bin
    [SERVER_SIGNATURE] => <address>Apache/2.4.25 (Debian) Server at nicholasavenell.com Port 443</address>

    [SERVER_SOFTWARE] => Apache/2.4.25 (Debian)
    [SERVER_NAME] => nicholasavenell.com
    [SERVER_ADDR] => 109.74.192.161
    [SERVER_PORT] => 443
    [REMOTE_ADDR] => 82.6.0.229
    [DOCUMENT_ROOT] => /var/www/hosts/nicholasavenell.com/htdocs
    [REQUEST_SCHEME] => https
    [CONTEXT_PREFIX] => 
    [CONTEXT_DOCUMENT_ROOT] => /var/www/hosts/nicholasavenell.com/htdocs
    [SERVER_ADMIN] => [no address given]
    [SCRIPT_FILENAME] => /var/www/hosts/nicholasavenell.com/htdocs/api/plex.php
    [REMOTE_PORT] => 43678
    [GATEWAY_INTERFACE] => CGI/1.1
    [SERVER_PROTOCOL] => HTTP/1.0
    [REQUEST_METHOD] => GET
    [QUERY_STRING] => 
    [REQUEST_URI] => /api/plex.php
    [SCRIPT_NAME] => /api/plex.php
    [PHP_SELF] => /api/plex.php
    [REQUEST_TIME_FLOAT] => 1539259732.379
    [REQUEST_TIME] => 1539259732
)
------
